Mono path[0] = 'C:/Users/dekum/OneDrive/Escritorio/Trabajo/Proyecto_RL/builds/build_V1/My project_Data/Managed'
Mono config path = 'C:/Users/dekum/OneDrive/Escritorio/Trabajo/Proyecto_RL/builds/build_V1/MonoBleedingEdge/etc'
Input System module state changed to: Initialized.
[Physics::Module] Initialized fallback backend.
[Physics::Module] Id: 0xdecafbad
Initialize engine version: 6000.2.6f2 (4a4dcaec6541)
[Subsystems] Discovering subsystems at path C:/Users/dekum/OneDrive/Escritorio/Trabajo/Proyecto_RL/builds/build_V1/My project_Data/UnitySubsystems
Forcing GfxDevice: Null
GfxDevice: creating device client; kGfxThreadingModeNonThreaded
NullGfxDevice:
    Version:  NULL 1.0 [1.0]
    Renderer: Null Device
    Vendor:   Unity Technologies
Begin MonoManager ReloadAssembly
- Loaded All Assemblies, in  1.138 seconds
- Finished resetting the current domain, in  0.002 seconds
[Physics::Module] Selected backend.
[Physics::Module] Name: PhysX
[Physics::Module] Id: 0xf2b8ea05
[Physics::Module] SDK Version: 4.1.2
[Physics::Module] Integration Version: 1.0.0
[Physics::Module] Threading Mode: Multi-Threaded
ERROR: Shader Hidden/App UI/LinearProgress shader is not supported on this GPU (none of subshaders/fallbacks are suitable)
ERROR: Shader Hidden/App UI/Mask shader is not supported on this GPU (none of subshaders/fallbacks are suitable)
ERROR: Shader Hidden/App UI/CircularProgress shader is not supported on this GPU (none of subshaders/fallbacks are suitable)
ERROR: Shader Hidden/App UI/CanvasBackground shader is not supported on this GPU (none of subshaders/fallbacks are suitable)
ERROR: Shader Hidden/App UI/Box shader is not supported on this GPU (none of subshaders/fallbacks are suitable)
ERROR: Shader Hidden/App UI/SVSquare shader is not supported on this GPU (none of subshaders/fallbacks are suitable)
ERROR: Shader Hidden/App UI/ColorSwatch shader is not supported on this GPU (none of subshaders/fallbacks are suitable)
ERROR: Shader Hidden/App UI/ColorWheel shader is not supported on this GPU (none of subshaders/fallbacks are suitable)
ERROR: Shader Sprites/Default shader is not supported on this GPU (none of subshaders/fallbacks are suitable)
Microsoft Media Foundation video decoding to texture disabled: graphics device is Null, only Direct3D 11 and Direct3D 12 (only on desktop) are supported for hardware-accelerated video decoding.
<b>[App UI]</b> Unable to find an AppUISettings instance, creating a default one...
ERROR: Shader Sprites/Mask shader is not supported on this GPU (none of subshaders/fallbacks are suitable)
ERROR: Shader Legacy Shaders/VertexLit shader is not supported on this GPU (none of subshaders/fallbacks are suitable)
WARNING: Shader Unsupported: 'Standard' - All subshaders removed
WARNING: Shader Did you use #pragma only_renderers and omit this platform?
WARNING: Shader If subshaders removal was intentional, you may have forgotten turning Fallback off?
ERROR: Shader Standard shader is not supported on this GPU (none of subshaders/fallbacks are suitable)
WARNING: Shader Unsupported: 'Standard' - All subshaders removed
WARNING: Shader Did you use #pragma only_renderers and omit this platform?
WARNING: Shader If subshaders removal was intentional, you may have forgotten turning Fallback off?
WARNING: Shader Unsupported: 'Autodesk Interactive' - All subshaders removed
WARNING: Shader Did you use #pragma only_renderers and omit this platform?
WARNING: Shader If subshaders removal was intentional, you may have forgotten turning Fallback off?
ERROR: Shader Autodesk Interactive shader is not supported on this GPU (none of subshaders/fallbacks are suitable)
WARNING: Shader Unsupported: 'Autodesk Interactive' - All subshaders removed
WARNING: Shader Did you use #pragma only_renderers and omit this platform?
WARNING: Shader If subshaders removal was intentional, you may have forgotten turning Fallback off?
ERROR: Shader TextMeshPro/Mobile/Distance Field shader is not supported on this GPU (none of subshaders/fallbacks are suitable)
ERROR: Shader GUI/Text Shader shader is not supported on this GPU (none of subshaders/fallbacks are suitable)
WARNING: Shader Unsupported: 'Legacy Shaders/Diffuse' - All subshaders removed
WARNING: Shader Did you use #pragma only_renderers and omit this platform?
WARNING: Shader If subshaders removal was intentional, you may have forgotten turning Fallback off?
ERROR: Shader Legacy Shaders/Diffuse shader is not supported on this GPU (none of subshaders/fallbacks are suitable)
WARNING: Shader Unsupported: 'Legacy Shaders/Diffuse' - All subshaders removed
WARNING: Shader Did you use #pragma only_renderers and omit this platform?
WARNING: Shader If subshaders removal was intentional, you may have forgotten turning Fallback off?
WARNING: Shader Unsupported: 'ML-Agents/GridPattern' - All subshaders removed
WARNING: Shader Did you use #pragma only_renderers and omit this platform?
WARNING: Shader If subshaders removal was intentional, you may have forgotten turning Fallback off?
ERROR: Shader ML-Agents/GridPattern shader is not supported on this GPU (none of subshaders/fallbacks are suitable)
WARNING: Shader Unsupported: 'ML-Agents/GridPattern' - All subshaders removed
WARNING: Shader Did you use #pragma only_renderers and omit this platform?
WARNING: Shader If subshaders removal was intentional, you may have forgotten turning Fallback off?
UnloadTime: 0.264300 ms
Registered Communicator in Agent.
ERROR: Shader TextMeshPro/Sprite shader is not supported on this GPU (none of subshaders/fallbacks are suitable)
presa atrapada!!
presa atrapada!!
77,93
76,93
presa atrapada!!
presa atrapada!!
presa atrapada!!
presa atrapada!!
presa atrapada!!
presa atrapada!!
presa atrapada!!
presa atrapada!!
presa atrapada!!
presa atrapada!!
presa atrapada!!
presa atrapada!!
presa atrapada!!
presa atrapada!!
presa atrapada!!
14,17
13,17
presa atrapada!!
presa atrapada!!
presa atrapada!!
presa atrapada!!
presa atrapada!!
presa atrapada!!
presa atrapada!!
presa atrapada!!
presa atrapada!!
presa atrapada!!
presa atrapada!!
presa atrapada!!
presa atrapada!!
presa atrapada!!
presa atrapada!!
presa atrapada!!
presa atrapada!!
17,87
16,87
presa atrapada!!
presa atrapada!!
presa atrapada!!
presa atrapada!!
presa atrapada!!
presa atrapada!!
presa atrapada!!
presa atrapada!!
presa atrapada!!
37,56
36,56
presa atrapada!!
presa atrapada!!
presa atrapada!!
presa atrapada!!
presa atrapada!!
14,12
13,12
presa atrapada!!
presa atrapada!!
presa atrapada!!
presa atrapada!!
presa atrapada!!
presa atrapada!!
7,57
6,57
presa atrapada!!
presa atrapada!!
presa atrapada!!
presa atrapada!!
presa atrapada!!
presa atrapada!!
presa atrapada!!
presa atrapada!!
presa atrapada!!
48,58
47,58
presa atrapada!!
presa atrapada!!
presa atrapada!!
presa atrapada!!
presa atrapada!!
presa atrapada!!
presa atrapada!!
presa atrapada!!
presa atrapada!!
presa atrapada!!
presa atrapada!!
presa atrapada!!
presa atrapada!!
presa atrapada!!
18,49
17,49
37,49
36,49
presa atrapada!!
presa atrapada!!
presa atrapada!!
presa atrapada!!
presa atrapada!!
presa atrapada!!
9,02
8,02
presa atrapada!!
presa atrapada!!
34,74
33,74
presa atrapada!!
presa atrapada!!
presa atrapada!!
presa atrapada!!
presa atrapada!!
presa atrapada!!
presa atrapada!!
7,16
6,16
presa atrapada!!
presa atrapada!!
113,26
112,26
presa atrapada!!
presa atrapada!!
presa atrapada!!
presa atrapada!!
presa atrapada!!
presa atrapada!!
presa atrapada!!
presa atrapada!!
presa atrapada!!
presa atrapada!!
presa atrapada!!
presa atrapada!!
presa atrapada!!
presa atrapada!!
presa atrapada!!
presa atrapada!!
presa atrapada!!
10,04
9,04
presa atrapada!!
presa atrapada!!
presa atrapada!!
presa atrapada!!
presa atrapada!!
presa atrapada!!
presa atrapada!!
presa atrapada!!
presa atrapada!!
presa atrapada!!
presa atrapada!!
presa atrapada!!
presa atrapada!!
presa atrapada!!
presa atrapada!!
presa atrapada!!
presa atrapada!!
presa atrapada!!
presa atrapada!!
presa atrapada!!
92,96
91,96
presa atrapada!!
presa atrapada!!
presa atrapada!!
presa atrapada!!
presa atrapada!!
presa atrapada!!
presa atrapada!!
presa atrapada!!
presa atrapada!!
presa atrapada!!
presa atrapada!!
presa atrapada!!
presa atrapada!!
presa atrapada!!
presa atrapada!!
presa atrapada!!
presa atrapada!!
presa atrapada!!
presa atrapada!!
presa atrapada!!
presa atrapada!!
presa atrapada!!
presa atrapada!!
0,06
-0,94
presa atrapada!!
presa atrapada!!
3,63
2,63
presa atrapada!!
presa atrapada!!
presa atrapada!!
presa atrapada!!
presa atrapada!!
presa atrapada!!
presa atrapada!!
presa atrapada!!
presa atrapada!!
presa atrapada!!
presa atrapada!!
presa atrapada!!
presa atrapada!!
presa atrapada!!
presa atrapada!!
presa atrapada!!
presa atrapada!!
presa atrapada!!
presa atrapada!!
presa atrapada!!
presa atrapada!!
presa atrapada!!
presa atrapada!!
presa atrapada!!
presa atrapada!!
presa atrapada!!
presa atrapada!!
presa atrapada!!
presa atrapada!!
presa atrapada!!
presa atrapada!!
presa atrapada!!
presa atrapada!!
presa atrapada!!
101,20
100,20
presa atrapada!!
presa atrapada!!
presa atrapada!!
presa atrapada!!
presa atrapada!!
77,07
76,07
22,33
21,33
presa atrapada!!
presa atrapada!!
presa atrapada!!
presa atrapada!!
presa atrapada!!
presa atrapada!!
presa atrapada!!
presa atrapada!!
8,72
7,72
presa atrapada!!
presa atrapada!!
presa atrapada!!
presa atrapada!!
presa atrapada!!
presa atrapada!!
presa atrapada!!
presa atrapada!!
presa atrapada!!
presa atrapada!!
presa atrapada!!
presa atrapada!!
presa atrapada!!
presa atrapada!!
presa atrapada!!
presa atrapada!!
presa atrapada!!
presa atrapada!!
presa atrapada!!
presa atrapada!!
presa atrapada!!
presa atrapada!!
presa atrapada!!
presa atrapada!!
presa atrapada!!
presa atrapada!!
presa atrapada!!
presa atrapada!!
presa atrapada!!
presa atrapada!!
presa atrapada!!
presa atrapada!!
presa atrapada!!
18,36
17,36
presa atrapada!!
presa atrapada!!
presa atrapada!!
presa atrapada!!
presa atrapada!!
presa atrapada!!
presa atrapada!!
presa atrapada!!
presa atrapada!!
presa atrapada!!
95,30
94,30
presa atrapada!!
179,77
178,77
11,66
10,66
presa atrapada!!
presa atrapada!!
presa atrapada!!
presa atrapada!!
presa atrapada!!
24,52
23,52
presa atrapada!!
presa atrapada!!
presa atrapada!!
presa atrapada!!
presa atrapada!!
presa atrapada!!
presa atrapada!!
presa atrapada!!
presa atrapada!!
presa atrapada!!
presa atrapada!!
presa atrapada!!
presa atrapada!!
presa atrapada!!
presa atrapada!!
presa atrapada!!
14,17
13,17
presa atrapada!!
presa atrapada!!
presa atrapada!!
presa atrapada!!
presa atrapada!!
presa atrapada!!
presa atrapada!!
presa atrapada!!
presa atrapada!!
presa atrapada!!
presa atrapada!!
0,17
-0,83
presa atrapada!!
presa atrapada!!
presa atrapada!!
presa atrapada!!
presa atrapada!!
97,68
96,68
presa atrapada!!
presa atrapada!!
presa atrapada!!
9,78
8,78
presa atrapada!!
presa atrapada!!
presa atrapada!!
presa atrapada!!
presa atrapada!!
28,93
27,93
presa atrapada!!
presa atrapada!!
presa atrapada!!
presa atrapada!!
presa atrapada!!
presa atrapada!!
presa atrapada!!
67,12
66,12
presa atrapada!!
presa atrapada!!
presa atrapada!!
presa atrapada!!
presa atrapada!!
presa atrapada!!
presa atrapada!!
presa atrapada!!
presa atrapada!!
presa atrapada!!
presa atrapada!!
presa atrapada!!
presa atrapada!!
presa atrapada!!
presa atrapada!!
presa atrapada!!
presa atrapada!!
presa atrapada!!
presa atrapada!!
presa atrapada!!
presa atrapada!!
presa atrapada!!
0,03
-0,97
presa atrapada!!
presa atrapada!!
presa atrapada!!
presa atrapada!!
presa atrapada!!
presa atrapada!!
presa atrapada!!
presa atrapada!!
presa atrapada!!
presa atrapada!!
presa atrapada!!
7,05
6,05
presa atrapada!!
presa atrapada!!
presa atrapada!!
presa atrapada!!
presa atrapada!!
presa atrapada!!
presa atrapada!!
presa atrapada!!
presa atrapada!!
presa atrapada!!
presa atrapada!!
presa atrapada!!
presa atrapada!!
presa atrapada!!
presa atrapada!!
presa atrapada!!
presa atrapada!!
presa atrapada!!
presa atrapada!!
presa atrapada!!
presa atrapada!!
presa atrapada!!
presa atrapada!!
presa atrapada!!
presa atrapada!!
223,46
222,46
presa atrapada!!
presa atrapada!!
32,02
31,02
presa atrapada!!
presa atrapada!!
presa atrapada!!
presa atrapada!!
presa atrapada!!
presa atrapada!!
presa atrapada!!
presa atrapada!!
presa atrapada!!
presa atrapada!!
presa atrapada!!
presa atrapada!!
presa atrapada!!
presa atrapada!!
presa atrapada!!
presa atrapada!!
presa atrapada!!
presa atrapada!!
presa atrapada!!
presa atrapada!!
presa atrapada!!
presa atrapada!!
presa atrapada!!
presa atrapada!!
presa atrapada!!
presa atrapada!!
presa atrapada!!
56,47
55,47
presa atrapada!!
presa atrapada!!
presa atrapada!!
presa atrapada!!
presa atrapada!!
presa atrapada!!
presa atrapada!!
presa atrapada!!
presa atrapada!!
985,37
984,37
presa atrapada!!
presa atrapada!!
presa atrapada!!
presa atrapada!!
presa atrapada!!
presa atrapada!!
presa atrapada!!
presa atrapada!!
presa atrapada!!
presa atrapada!!
presa atrapada!!
presa atrapada!!
113,58
112,58
presa atrapada!!
presa atrapada!!
presa atrapada!!
presa atrapada!!
presa atrapada!!
presa atrapada!!
presa atrapada!!
presa atrapada!!
presa atrapada!!
presa atrapada!!
presa atrapada!!
presa atrapada!!
presa atrapada!!
presa atrapada!!
presa atrapada!!
presa atrapada!!
presa atrapada!!
presa atrapada!!
presa atrapada!!
presa atrapada!!
presa atrapada!!
presa atrapada!!
presa atrapada!!
presa atrapada!!
64,54
63,54
presa atrapada!!
presa atrapada!!
9,56
8,56
presa atrapada!!
presa atrapada!!
presa atrapada!!
presa atrapada!!
presa atrapada!!
presa atrapada!!
presa atrapada!!
presa atrapada!!
presa atrapada!!
presa atrapada!!
presa atrapada!!
presa atrapada!!
presa atrapada!!
presa atrapada!!
presa atrapada!!
presa atrapada!!
95,77
94,77
presa atrapada!!
presa atrapada!!
presa atrapada!!
presa atrapada!!
presa atrapada!!
presa atrapada!!
presa atrapada!!
presa atrapada!!
presa atrapada!!
96,90
95,90
45,91
44,91
presa atrapada!!
presa atrapada!!
presa atrapada!!
presa atrapada!!
presa atrapada!!
presa atrapada!!
presa atrapada!!
presa atrapada!!
presa atrapada!!
presa atrapada!!
90,25
89,25
presa atrapada!!
presa atrapada!!
presa atrapada!!
presa atrapada!!
presa atrapada!!
presa atrapada!!
presa atrapada!!
presa atrapada!!
presa atrapada!!
presa atrapada!!
presa atrapada!!
presa atrapada!!
presa atrapada!!
presa atrapada!!
presa atrapada!!
presa atrapada!!
presa atrapada!!
presa atrapada!!
presa atrapada!!
presa atrapada!!
presa atrapada!!
presa atrapada!!
presa atrapada!!
presa atrapada!!
101,85
100,85
presa atrapada!!
presa atrapada!!
presa atrapada!!
presa atrapada!!
8,30
7,30
presa atrapada!!
presa atrapada!!
21,61
20,61
presa atrapada!!
presa atrapada!!
presa atrapada!!
presa atrapada!!
presa atrapada!!
presa atrapada!!
presa atrapada!!
presa atrapada!!
presa atrapada!!
presa atrapada!!
presa atrapada!!
presa atrapada!!
11,52
10,52
94,55
93,55
presa atrapada!!
presa atrapada!!
presa atrapada!!
presa atrapada!!
presa atrapada!!
presa atrapada!!
presa atrapada!!
33,89
32,89
presa atrapada!!
presa atrapada!!
presa atrapada!!
presa atrapada!!
presa atrapada!!
presa atrapada!!
presa atrapada!!
presa atrapada!!
presa atrapada!!
presa atrapada!!
271,29
270,29
presa atrapada!!
presa atrapada!!
presa atrapada!!
presa atrapada!!
20,95
19,95
presa atrapada!!
presa atrapada!!
presa atrapada!!
presa atrapada!!
presa atrapada!!
presa atrapada!!
presa atrapada!!
12,60
11,60
presa atrapada!!
presa atrapada!!
presa atrapada!!
19,54
18,54
presa atrapada!!
presa atrapada!!
presa atrapada!!
presa atrapada!!
0,00
-1,00
presa atrapada!!
presa atrapada!!
presa atrapada!!
presa atrapada!!
presa atrapada!!
presa atrapada!!
presa atrapada!!
presa atrapada!!
presa atrapada!!
presa atrapada!!
presa atrapada!!
presa atrapada!!
presa atrapada!!
presa atrapada!!
presa atrapada!!
presa atrapada!!
presa atrapada!!
presa atrapada!!
presa atrapada!!
presa atrapada!!
presa atrapada!!
presa atrapada!!
presa atrapada!!
presa atrapada!!
presa atrapada!!
presa atrapada!!
20,63
19,63
presa atrapada!!
presa atrapada!!
presa atrapada!!
presa atrapada!!
presa atrapada!!
presa atrapada!!
presa atrapada!!
presa atrapada!!
presa atrapada!!
presa atrapada!!
presa atrapada!!
presa atrapada!!
presa atrapada!!
presa atrapada!!
presa atrapada!!
presa atrapada!!
presa atrapada!!
25,43
24,43
presa atrapada!!
presa atrapada!!
presa atrapada!!
presa atrapada!!
presa atrapada!!
presa atrapada!!
presa atrapada!!
presa atrapada!!
presa atrapada!!
presa atrapada!!
presa atrapada!!
presa atrapada!!
presa atrapada!!
presa atrapada!!
presa atrapada!!
presa atrapada!!
presa atrapada!!
presa atrapada!!
presa atrapada!!
presa atrapada!!
presa atrapada!!
95,66
94,66
presa atrapada!!
presa atrapada!!
presa atrapada!!
presa atrapada!!
presa atrapada!!
presa atrapada!!
presa atrapada!!
presa atrapada!!
presa atrapada!!
presa atrapada!!
presa atrapada!!
presa atrapada!!
presa atrapada!!
presa atrapada!!
presa atrapada!!
presa atrapada!!
presa atrapada!!
presa atrapada!!
presa atrapada!!
presa atrapada!!
presa atrapada!!
presa atrapada!!
95,83
94,83
presa atrapada!!
presa atrapada!!
presa atrapada!!
presa atrapada!!
presa atrapada!!
49,45
48,45
16,56
15,56
presa atrapada!!
presa atrapada!!
presa atrapada!!
presa atrapada!!
presa atrapada!!
presa atrapada!!
presa atrapada!!
presa atrapada!!
presa atrapada!!
presa atrapada!!
presa atrapada!!
presa atrapada!!
presa atrapada!!
presa atrapada!!
presa atrapada!!
presa atrapada!!
presa atrapada!!
presa atrapada!!
presa atrapada!!
presa atrapada!!
presa atrapada!!
presa atrapada!!
presa atrapada!!
presa atrapada!!
presa atrapada!!
presa atrapada!!
presa atrapada!!
presa atrapada!!
presa atrapada!!
presa atrapada!!
presa atrapada!!
presa atrapada!!
presa atrapada!!
presa atrapada!!
presa atrapada!!
presa atrapada!!
271,81
270,81
presa atrapada!!
presa atrapada!!
presa atrapada!!
presa atrapada!!
presa atrapada!!
presa atrapada!!
presa atrapada!!
presa atrapada!!
54,01
53,01
presa atrapada!!
presa atrapada!!
presa atrapada!!
presa atrapada!!
presa atrapada!!
presa atrapada!!
presa atrapada!!
presa atrapada!!
presa atrapada!!
presa atrapada!!
presa atrapada!!
presa atrapada!!
presa atrapada!!
presa atrapada!!
presa atrapada!!
presa atrapada!!
presa atrapada!!
presa atrapada!!
presa atrapada!!
presa atrapada!!
presa atrapada!!
presa atrapada!!
presa atrapada!!
presa atrapada!!
presa atrapada!!
76,63
75,63
presa atrapada!!
presa atrapada!!
presa atrapada!!
presa atrapada!!
6,54
5,54
25,88
24,88
presa atrapada!!
presa atrapada!!
presa atrapada!!
presa atrapada!!
presa atrapada!!
presa atrapada!!
presa atrapada!!
presa atrapada!!
presa atrapada!!
68,74
67,74
presa atrapada!!
presa atrapada!!
presa atrapada!!
presa atrapada!!
104,67
103,67
presa atrapada!!
presa atrapada!!
presa atrapada!!
presa atrapada!!
presa atrapada!!
presa atrapada!!
presa atrapada!!
presa atrapada!!
presa atrapada!!
presa atrapada!!
presa atrapada!!
presa atrapada!!
presa atrapada!!
presa atrapada!!
presa atrapada!!
presa atrapada!!
presa atrapada!!
presa atrapada!!
presa atrapada!!
presa atrapada!!
presa atrapada!!
presa atrapada!!
31,52
30,52
presa atrapada!!
presa atrapada!!
presa atrapada!!
10,93
9,93
presa atrapada!!
presa atrapada!!
presa atrapada!!
presa atrapada!!
presa atrapada!!
presa atrapada!!
presa atrapada!!
presa atrapada!!
presa atrapada!!
presa atrapada!!
presa atrapada!!
presa atrapada!!
presa atrapada!!
presa atrapada!!
presa atrapada!!
presa atrapada!!
presa atrapada!!
presa atrapada!!
presa atrapada!!
presa atrapada!!
presa atrapada!!
presa atrapada!!
presa atrapada!!
presa atrapada!!
presa atrapada!!
presa atrapada!!
presa atrapada!!
presa atrapada!!
presa atrapada!!
presa atrapada!!
presa atrapada!!
presa atrapada!!
presa atrapada!!
presa atrapada!!
20,31
19,31
presa atrapada!!
presa atrapada!!
presa atrapada!!
presa atrapada!!
presa atrapada!!
presa atrapada!!
presa atrapada!!
presa atrapada!!
presa atrapada!!
presa atrapada!!
presa atrapada!!
46,45
45,45
presa atrapada!!
presa atrapada!!
presa atrapada!!
presa atrapada!!
presa atrapada!!
presa atrapada!!
presa atrapada!!
presa atrapada!!
presa atrapada!!
presa atrapada!!
presa atrapada!!
presa atrapada!!
presa atrapada!!
presa atrapada!!
presa atrapada!!
presa atrapada!!
presa atrapada!!
presa atrapada!!
presa atrapada!!
presa atrapada!!
presa atrapada!!
presa atrapada!!
presa atrapada!!
presa atrapada!!
presa atrapada!!
59,38
58,38
presa atrapada!!
presa atrapada!!
presa atrapada!!
presa atrapada!!
presa atrapada!!
presa atrapada!!
presa atrapada!!
presa atrapada!!
presa atrapada!!
presa atrapada!!
presa atrapada!!
presa atrapada!!
presa atrapada!!
presa atrapada!!
presa atrapada!!
presa atrapada!!
presa atrapada!!
presa atrapada!!
presa atrapada!!
presa atrapada!!
presa atrapada!!
presa atrapada!!
presa atrapada!!
presa atrapada!!
presa atrapada!!
presa atrapada!!
presa atrapada!!
presa atrapada!!
presa atrapada!!
presa atrapada!!
presa atrapada!!
presa atrapada!!
presa atrapada!!
presa atrapada!!
presa atrapada!!
presa atrapada!!
presa atrapada!!
presa atrapada!!
presa atrapada!!
presa atrapada!!
presa atrapada!!
presa atrapada!!
presa atrapada!!
presa atrapada!!
presa atrapada!!
presa atrapada!!
presa atrapada!!
presa atrapada!!
presa atrapada!!
presa atrapada!!
presa atrapada!!
presa atrapada!!
presa atrapada!!
presa atrapada!!
presa atrapada!!
presa atrapada!!
presa atrapada!!
presa atrapada!!
presa atrapada!!
presa atrapada!!
176,39
175,39
19,07
18,07
169,12
168,12
presa atrapada!!
presa atrapada!!
presa atrapada!!
presa atrapada!!
presa atrapada!!
presa atrapada!!
presa atrapada!!
presa atrapada!!
presa atrapada!!
presa atrapada!!
presa atrapada!!
presa atrapada!!
presa atrapada!!
presa atrapada!!
presa atrapada!!
presa atrapada!!
presa atrapada!!
presa atrapada!!
presa atrapada!!
presa atrapada!!
presa atrapada!!
presa atrapada!!
presa atrapada!!
presa atrapada!!
presa atrapada!!
presa atrapada!!
presa atrapada!!
presa atrapada!!
presa atrapada!!
presa atrapada!!
presa atrapada!!
presa atrapada!!
presa atrapada!!
presa atrapada!!
presa atrapada!!
presa atrapada!!
presa atrapada!!
presa atrapada!!
presa atrapada!!
presa atrapada!!
88,52
87,52
presa atrapada!!
presa atrapada!!
presa atrapada!!
presa atrapada!!
presa atrapada!!
presa atrapada!!
presa atrapada!!
presa atrapada!!
181,41
180,41
presa atrapada!!
presa atrapada!!
presa atrapada!!
presa atrapada!!
presa atrapada!!
presa atrapada!!
presa atrapada!!
presa atrapada!!
presa atrapada!!
presa atrapada!!
presa atrapada!!
16,35
15,35
presa atrapada!!
presa atrapada!!
presa atrapada!!
presa atrapada!!
presa atrapada!!
presa atrapada!!
presa atrapada!!
30,92
29,92
presa atrapada!!
presa atrapada!!
presa atrapada!!
presa atrapada!!
presa atrapada!!
30,94
29,94
presa atrapada!!
presa atrapada!!
presa atrapada!!
presa atrapada!!
21,82
20,82
presa atrapada!!
presa atrapada!!
presa atrapada!!
presa atrapada!!
presa atrapada!!
129,15
128,15
presa atrapada!!
84,78
83,78
presa atrapada!!
presa atrapada!!
presa atrapada!!
presa atrapada!!
presa atrapada!!
presa atrapada!!
presa atrapada!!
presa atrapada!!
presa atrapada!!
presa atrapada!!
presa atrapada!!
presa atrapada!!
presa atrapada!!
presa atrapada!!
presa atrapada!!
presa atrapada!!
presa atrapada!!
presa atrapada!!
presa atrapada!!
presa atrapada!!
presa atrapada!!
presa atrapada!!
31,51
30,51
presa atrapada!!
56,30
55,30
presa atrapada!!
presa atrapada!!
presa atrapada!!
presa atrapada!!
presa atrapada!!
presa atrapada!!
presa atrapada!!
presa atrapada!!
presa atrapada!!
presa atrapada!!
presa atrapada!!
presa atrapada!!
40,42
39,42
presa atrapada!!
presa atrapada!!
presa atrapada!!
presa atrapada!!
presa atrapada!!
presa atrapada!!
presa atrapada!!
presa atrapada!!
presa atrapada!!
presa atrapada!!
presa atrapada!!
63,90
62,90
presa atrapada!!
presa atrapada!!
presa atrapada!!
presa atrapada!!
presa atrapada!!
presa atrapada!!
presa atrapada!!
presa atrapada!!
presa atrapada!!
presa atrapada!!
presa atrapada!!
presa atrapada!!
presa atrapada!!
presa atrapada!!
presa atrapada!!
16,13
15,13
presa atrapada!!
presa atrapada!!
presa atrapada!!
presa atrapada!!
presa atrapada!!
presa atrapada!!
presa atrapada!!
presa atrapada!!
presa atrapada!!
presa atrapada!!
presa atrapada!!
108,79
107,79
presa atrapada!!
presa atrapada!!
presa atrapada!!
presa atrapada!!
presa atrapada!!
presa atrapada!!
presa atrapada!!
presa atrapada!!
100,01
99,01
presa atrapada!!
presa atrapada!!
presa atrapada!!
39,37
38,37
presa atrapada!!
presa atrapada!!
126,73
125,73
presa atrapada!!
presa atrapada!!
presa atrapada!!
57,21
56,21
126,58
125,58
presa atrapada!!
presa atrapada!!
presa atrapada!!
presa atrapada!!
presa atrapada!!
presa atrapada!!
presa atrapada!!
presa atrapada!!
presa atrapada!!
presa atrapada!!
presa atrapada!!
presa atrapada!!
presa atrapada!!
presa atrapada!!
presa atrapada!!
presa atrapada!!
presa atrapada!!
presa atrapada!!
38,00
37,00
82,38
81,38
presa atrapada!!
presa atrapada!!
presa atrapada!!
presa atrapada!!
21,77
20,77
presa atrapada!!
presa atrapada!!
presa atrapada!!
presa atrapada!!
presa atrapada!!
134,54
133,54
presa atrapada!!
presa atrapada!!
62,96
61,96
presa atrapada!!
presa atrapada!!
presa atrapada!!
presa atrapada!!
presa atrapada!!
presa atrapada!!
presa atrapada!!
presa atrapada!!
presa atrapada!!
presa atrapada!!
presa atrapada!!
presa atrapada!!
presa atrapada!!
presa atrapada!!
presa atrapada!!
presa atrapada!!
presa atrapada!!
611,74
610,74
presa atrapada!!
presa atrapada!!
presa atrapada!!
presa atrapada!!
presa atrapada!!
presa atrapada!!
presa atrapada!!
239,29
238,29
presa atrapada!!
presa atrapada!!
presa atrapada!!
presa atrapada!!
presa atrapada!!
presa atrapada!!
presa atrapada!!
presa atrapada!!
presa atrapada!!
presa atrapada!!
presa atrapada!!
24,84
23,84
presa atrapada!!
presa atrapada!!
presa atrapada!!
presa atrapada!!
presa atrapada!!
presa atrapada!!
presa atrapada!!
presa atrapada!!
presa atrapada!!
presa atrapada!!
presa atrapada!!
presa atrapada!!
presa atrapada!!
presa atrapada!!
347,23
346,23
presa atrapada!!
presa atrapada!!
presa atrapada!!
37,41
36,41
presa atrapada!!
presa atrapada!!
presa atrapada!!
216,78
215,78
presa atrapada!!
presa atrapada!!
146,07
145,07
presa atrapada!!
14,65
13,65
presa atrapada!!
presa atrapada!!
presa atrapada!!
30,93
29,93
70,99
69,99
presa atrapada!!
presa atrapada!!
presa atrapada!!
100,55
99,55
presa atrapada!!
presa atrapada!!
presa atrapada!!
presa atrapada!!
presa atrapada!!
presa atrapada!!
presa atrapada!!
presa atrapada!!
presa atrapada!!
presa atrapada!!
presa atrapada!!
presa atrapada!!
presa atrapada!!
presa atrapada!!
presa atrapada!!
presa atrapada!!
presa atrapada!!
presa atrapada!!
13,86
12,86
presa atrapada!!
presa atrapada!!
presa atrapada!!
presa atrapada!!
presa atrapada!!
presa atrapada!!
presa atrapada!!
presa atrapada!!
presa atrapada!!
presa atrapada!!
presa atrapada!!
presa atrapada!!
presa atrapada!!
presa atrapada!!
presa atrapada!!
presa atrapada!!
106,51
105,51
presa atrapada!!
presa atrapada!!
presa atrapada!!
presa atrapada!!
presa atrapada!!
presa atrapada!!
presa atrapada!!
presa atrapada!!
presa atrapada!!
presa atrapada!!
presa atrapada!!
presa atrapada!!
presa atrapada!!
presa atrapada!!
presa atrapada!!
presa atrapada!!
presa atrapada!!
presa atrapada!!
presa atrapada!!
presa atrapada!!
presa atrapada!!
presa atrapada!!
presa atrapada!!
presa atrapada!!
presa atrapada!!
presa atrapada!!
presa atrapada!!
presa atrapada!!
presa atrapada!!
presa atrapada!!
presa atrapada!!
presa atrapada!!
presa atrapada!!
presa atrapada!!
presa atrapada!!
0,09
-0,91
presa atrapada!!
54,49
53,49
presa atrapada!!
presa atrapada!!
presa atrapada!!
presa atrapada!!
presa atrapada!!
presa atrapada!!
presa atrapada!!
presa atrapada!!
presa atrapada!!
presa atrapada!!
presa atrapada!!
presa atrapada!!
presa atrapada!!
presa atrapada!!
presa atrapada!!
presa atrapada!!
presa atrapada!!
presa atrapada!!
presa atrapada!!
presa atrapada!!
presa atrapada!!
presa atrapada!!
presa atrapada!!
presa atrapada!!
presa atrapada!!
presa atrapada!!
presa atrapada!!
presa atrapada!!
presa atrapada!!
presa atrapada!!
presa atrapada!!
presa atrapada!!
presa atrapada!!
38,87
37,87
presa atrapada!!
presa atrapada!!
26,51
25,51
presa atrapada!!
presa atrapada!!
presa atrapada!!
83,37
82,37
presa atrapada!!
19,47
18,47
presa atrapada!!
presa atrapada!!
presa atrapada!!
presa atrapada!!
59,56
58,56
presa atrapada!!
presa atrapada!!
presa atrapada!!
presa atrapada!!
presa atrapada!!
presa atrapada!!
presa atrapada!!
presa atrapada!!
presa atrapada!!
presa atrapada!!
presa atrapada!!
presa atrapada!!
presa atrapada!!
presa atrapada!!
presa atrapada!!
presa atrapada!!
presa atrapada!!
presa atrapada!!
presa atrapada!!
presa atrapada!!
presa atrapada!!
presa atrapada!!
presa atrapada!!
presa atrapada!!
presa atrapada!!
presa atrapada!!
presa atrapada!!
presa atrapada!!
presa atrapada!!
presa atrapada!!
presa atrapada!!
presa atrapada!!
presa atrapada!!
presa atrapada!!
presa atrapada!!
presa atrapada!!
presa atrapada!!
presa atrapada!!
presa atrapada!!
presa atrapada!!
presa atrapada!!
presa atrapada!!
presa atrapada!!
presa atrapada!!
presa atrapada!!
presa atrapada!!
presa atrapada!!
presa atrapada!!
presa atrapada!!
presa atrapada!!
presa atrapada!!
presa atrapada!!
4,78
3,78
presa atrapada!!
presa atrapada!!
63,14
62,14
44,66
43,66
presa atrapada!!
presa atrapada!!
presa atrapada!!
presa atrapada!!
presa atrapada!!
presa atrapada!!
presa atrapada!!
presa atrapada!!
presa atrapada!!
presa atrapada!!
presa atrapada!!
presa atrapada!!
presa atrapada!!
14,56
13,56
presa atrapada!!
0,10
-0,90
presa atrapada!!
66,54
65,54
presa atrapada!!
presa atrapada!!
presa atrapada!!
presa atrapada!!
presa atrapada!!
presa atrapada!!
presa atrapada!!
presa atrapada!!
presa atrapada!!
presa atrapada!!
presa atrapada!!
presa atrapada!!
presa atrapada!!
presa atrapada!!
presa atrapada!!
presa atrapada!!
179,54
178,54
presa atrapada!!
presa atrapada!!
13,38
12,38
presa atrapada!!
presa atrapada!!
presa atrapada!!
presa atrapada!!
presa atrapada!!
[Physics::Module] Cleanup current backend.
[Physics::Module] Id: 0xf2b8ea05
Input System module state changed to: ShutdownInProgress.
Input System polling thread exited.
Input System module state changed to: Shutdown.
